
      define move a,b                                                     Page 1


    1                   define move a,b
    2 00004 220000      	lio b
UD undefined            	    ^
    3 00005 320000      	dio a
UD undefined            	    ^
    4 00006 000000      	termin
UD undefined            	^
    5                   
    6 00007 000122      go,	move str,blk
UD undefined               	^
DT duplicate               	        ^
    7 00010 000124      	move str+1,lc
UD undefined            	^
DT duplicate            	          ^
    8 00011 620024      	jsp prt
    9 00012 000125      	move str+1,uc
UD undefined            	^
DT duplicate            	          ^
   10 00013 620024      	jsp prt
   11 00014 000123      	move str,red
UD undefined            	^
DT duplicate            	        ^
   12 00015 000124      	move str+1,lc
UD undefined            	^
DT duplicate            	          ^
   13 00016 620024      	jsp prt
   14 00017 000125      	move str+1,uc
UD undefined            	^
DT duplicate            	          ^
   15 00020 620024      	jsp prt
   16 00021 640010      	szs 10
   17 00022 760400      	hlt
   18 00023 600007      	jmp go
   19                   
   20 00024 260031      prt,	dap pr1
   21 00025 700036      	law str
   22 00026 240035      	dac p
   23 00027 230035      lup,	lio i p
   24 00030 642000      	spi
   25 00031 600031      pr1,	jmp .
   26 00032 730003      	tyo
   27 00033 440035      	idx p
   28 00034 600027      	jmp lup
   29                   
   30 00035 000000      p,	0
   31 00036 000036      str,	.
   32 00037 000037      	.
   33 00040 000061      	61	/ a
   34 00041 000062      	62	/ b
   35 00042 000063      	63	/ c
   36 00043 000064      	64	/ d
   37 00044 000065      	65	/ e
   38 00045 000066      	66	/ f
   39 00046 000067      	67	/ g
   40 00047 000070      	70	/ h
   41 00050 000071      	71	/ i
   42 00051 000041      	41	/ j

      define move a,b                                                     Page 2


   43 00052 000042      	42	/ k
   44 00053 000043      	43	/ l
   45 00054 000044      	44	/ m
   46 00055 000045      	45	/ n
   47 00056 000046      	46	/ o
   48 00057 000047      	47	/ p
   49 00060 000050      	50	/ q
   50 00061 000051      	51	/ r
   51 00062 000022      	22	/ s
   52 00063 000023      	23	/ t
   53 00064 000024      	24	/ u
   54 00065 000025      	25	/ v
   55 00066 000026      	26	/ w
   56 00067 000027      	27	/ x
   57 00070 000030      	30	/ y
   58 00071 000031      	31	/ z
   59 00072 000036      36		/ tab
   60 00073 000020      	20	/ 0 →
   61 00074 000001      	01	/ 1 "
   62 00075 000002      	02	/ 2 '
   63 00076 000003      	03	/ 3 ~
   64 00077 000004      	04	/ 4 ⊃
   65 00100 000005      	05	/ 5 ∨
   66 00101 000006      	06	/ 6 ∧
   67 00102 000007      	07	/ 7 <
   68 00103 000010      	10	/ 8 >
   69 00104 000011      	11	/ 9 ↑
   70 00105 000036      36		/ tab
   71 00106 000021      	21	/ / ?
   72 00107 000033      	33	/ , =
   73 00110 000073      	73	/ . ×
   74 00111 000040      	40	/ · _	not spacing
   75 00112 000056      	56	/ ‾ |	not spacing
   76 00113 000054      	54	/ - +
   77 00114 000055      	55	/ ) ]
   78 00115 000057      	57	/ ( [
   79 00116 000034      	34	/ black
   80 00117 000077      77		/ carriage return
   81 00120 777776      	-1
   82                   
   83 00121 000000      	00	/ space
   84 00122 000034      blk,	34	/ black
   85 00123 000035      red,	35	/ red
   86 00124 000072      lc,	72	/ lower case
   87 00125 000074      uc,	74	/ upper case

      15 detected errors
