
      /FLASH-1 v01.  FLASH THE PDP-1 LAMPS.  MIKE HILL 10-APR-2025        Page 1


    1                   /FLASH-1 v01.  FLASH THE PDP-1 LAMPS.  MIKE HILL 10-APR-2025
    2                   
    3                   	///////////////////////////////////////////////////////////////////
    4                   	/                                                                 /
    5                   	/  Flash most of the PDP-1 front-panel lamps according to the TW  /
    6                   	/                                                                 /
    7                   	/     P A R T   O F   T H E   B L I N K Y - 1   P R O J E C T     /
    8                   	/   F O R   T H E   P i D P - 1   ( O R )   A   R E A L   O N E   /
    9                   	/                                                                 /
   10                   	/  Mike Hill                                         10-Apr-2025  /
   11                   	/                                                                 /
   12                   	///////////////////////////////////////////////////////////////////
   13                   
   14                   / Goal:
   15                   /
   16                   /	Small but 'useful' proof of concept for BLINKY-1 using extended memory.
   17                   /
   18                   / Synopsis:
   19                   /
   20                   /	FLASH-1 has been designed to run on all PDP-1 models from the PDP-1A to
   21                   /	the PDP-1D.  If a MEMORY EXTENSION CONTROL (TYPE 15) is installed, it
   22                   /	will automatically be detected and used.  To avoid a spurious halt on
   23                   /	the PDP-1A, you may choose to turn SS2 ON.  If not, simply press
   24                   /	CONTINUE if we halt.
   25                   /
   26                   /	FLASH-1 may be run from any frame but will only work in 'normal' mode
   27                   /	(SS3=ON) if loaded into an even-numbered frame (00,02,04,06, etc.)
   28                   /
   29                   / Notes:
   30                   /
   31                   /	PDP-1A and PDP-1B are not documented as putting the OV flag
   32                   /	into the AC when using 'jsp'.  PDP-1C and PDP-1D do document this.
   33                   /
   34                   /	We do NOT use the Memory Field Control (Type 13) or (Type 14) of the
   35                   /	PDP-1B (such memory is completely ignored).
   36                   /
   37                   / Instructions:
   38                   /
   39                   /	1a) Turn OFF all the Test Word (TW) switches
   40                   /	1b) Turn OFF all the Sense Switches (SS)
   41                   /	1c) Turn OFF EXTEND mode
   42                   /	2a) RIM-load the FLASH-1 paper tape into any frame ...
   43                   /	2b) ... even-numbered frames are recommended (00,02,04,06,10,12,14,16)
   44                   /	3)  Unless SS1 is ON, FLASH-1 will start 'flashing' immediately
   45                   /	4a) Turn ON TW15 then TW14 then TW13 etc. ...
   46                   /	4b) Observe that the flashing slows down
   47                   /	4c) When TW6-17 are all ON we ought to flash around once every 40 secs.
   48                   /	4d) Turn TW0 ON and observe that the TW is echoed in the AC (and IO=0)
   49                   /	4e) Choose a value for TW6-17 then turn TW0 OFF
   50                   /	5)  Get a cup of tea or coffee ... (the lamps will flash for ever)
   51                   /	6a) Press STOP
   52                   /	6b) Turn EXTEND OFF (if not already OFF)
   53                   /	6c) Don't bother with (6d) if we are loaded into an odd-numbered frame
   54                   /	6d) START from xx3000 (where xx is the frame we are loaded in)
   55                   /
   56                   / Sense Switches (SS) when FLASH-1 is [re-]started:
   57                   /

      /FLASH-1 v01.  FLASH THE PDP-1 LAMPS.  MIKE HILL 10-APR-2025        Page 2


   58                   /	SS1 = ON: Halt immediately after the paper tape RIM-load completes
   59                   /	SS2 = ON: Use 'jmp' instead of 'xct' on the tick-ladder (on the PDP-1A)
   60                   /	SS3 = ON: Do not enable EXTEND mode automatically (*)
   61                   /
   62                   /	* EXTEND mode will be used if already ON or if the frame number is odd
   63                   /
   64                   / Test Word (TW) switches:
   65                   /
   66                   /	TW0    = ON: Pauses flashing and echos the TW state in the AC
   67                   /	TW6-17 = How many 1/100s to wait when changing the state of the lamps
   68                   /	         If TW6-17 = 0000 then the default of 50 (1/2 second) is used
   69                   
   70                   ///////////////////////////////////////////////////////////////////////////////
   71                   /                           M E M O R Y   U S A G E                           /
   72                   ///////////////////////////////////////////////////////////////////////////////
   73                   
   74                   /0000-0077/  oooo............................ooooooooooooooooooo.............
   75                   /0100-0177/  ................................................................
   76                   /    :
   77                   /1300-1377/  ................................................................
   78                   /1400-1477/  ooxxXxxxox......................................................
   79                   /1500-1577/  ................................................................
   80                   /    :
   81                   /2600-2677/  ................................................................
   82                   /2700-2777/  ...........................................................ooooo
   83                   /3000-3077/  ooooooooooooooooooooooxoxoxoxo0ooooooooooooooooooooooooooooooooo
   84                   /3100-3177/  oooooooooooooooooooooooooooooooooo..............................
   85                   /3200-3277/  ................................................................
   86                   /    :
   87                   /7700-7777/  ................................................................
   88                   / Legend: /  . = Empty,  0 = 0,  X = -0,  o = Opcode,  f = FIODEC,  x = Other
   89                   
   90                   ///////////////////////////////////////////////////////////////////////////////
   91                   /                             O C T A L   C O D E                             /
   92                   ///////////////////////////////////////////////////////////////////////////////
   93                   
   94       000000      0000/	643777	442270	220001	622777
      00000 643777
      00001 442270
      00002 220001
      00003 622777
   95       000040      0040/	762200	522202	603041	462200	607777	717777	242200	700056
      00040 762200
      00041 522202
      00042 603041
      00043 462200
      00044 607777
      00045 717777
      00046 242200
      00047 700056
   96       000050      0050/	641000	700054	260044	600044	764207	611402	200057	400057
      00050 641000
      00051 700054
      00052 260044
      00053 600044
      00054 764207
      00055 611402

      /FLASH-1 v01.  FLASH THE PDP-1 LAMPS.  MIKE HILL 10-APR-2025        Page 3


      00056 200057
      00057 400057
   97       000060      0060/	221404	761217	611403
      00060 221404
      00061 761217
      00062 611403
   98       001400      1400/	104030	604030	007777	007776	777777	007777	000062	000001
      01400 104030
      01401 604030
      01402 007777
      01403 007776
      01404 777777
      01405 007777
      01406 000062
      01407 000001
   99       001410      1410/	617750	000040
      01410 617750
      01411 000040
  100       002773      2773/				442270	714343	700001	640010	760400
      02773 442270
      02774 714343
      02775 700001
      02776 640010
      02777 760400
  101       003000      3000/	201400	201401	650020	103000	242204	623006	661037	640200
      03000 201400
      03001 201401
      03002 650020
      03003 103000
      03004 242204
      03005 623006
      03006 661037
      03007 640200
  102       003010      3010/	724074	764207	242201	301403	650030	760300	640100	724074
      03010 724074
      03011 764207
      03012 242201
      03013 301403
      03014 650030
      03015 760300
      03016 640100
      03017 724074
  103       003020      3020/	623021	301411	661001	640400	603035	623051	000017	623051
      03020 623021
      03021 301411
      03022 661001
      03023 640400
      03024 603035
      03025 623051
      03026 000017
      03027 623051
  104       003030      3030/	000007	623051	000003	623051	000001	623051	000000	623110
      03030 000007
      03031 623051
      03032 000003
      03033 623051
      03034 000001

      /FLASH-1 v01.  FLASH THE PDP-1 LAMPS.  MIKE HILL 10-APR-2025        Page 4


      03035 623051
      03036 000000
      03037 623110
  105       003040      3040/	766200	640200	603040	242202	021405	650100	201406	260045
      03040 766200
      03041 640200
      03042 603040
      03043 242202
      03044 021405
      03045 650100
      03046 201406
      03047 260045
  106       003050      3050/	600045	263065	263054	443065	207777	263066	671077	302203
      03050 600045
      03051 263065
      03052 263054
      03053 443065
      03054 207777
      03055 263066
      03056 671077
      03057 302203
  107       003060      3060/	707776	262203	623077	432203	640100	607777	707777	640100
      03060 707776
      03061 262203
      03062 623077
      03063 432203
      03064 640100
      03065 607777
      03066 707777
      03067 640100
  108       003070      3070/	603073	623077	603065	202203	302201	301403	603035	263107
      03070 603073
      03071 623077
      03072 603065
      03073 202203
      03074 302201
      03075 301403
      03076 603035
      03077 263107
  109       003100      3100/	202204	252203	202203	401407	262203	201410	252203	607777
      03100 202204
      03101 252203
      03102 202203
      03103 401407
      03104 262203
      03105 201410
      03106 252203
      03107 607777
  110       003110      3110/	263141	713717	242210	202204	242205	704030	242206	242207
      03110 263141
      03111 713717
      03112 242210
      03113 202204
      03114 242205
      03115 704030
      03116 242206
      03117 242207

      /FLASH-1 v01.  FLASH THE PDP-1 LAMPS.  MIKE HILL 10-APR-2025        Page 5


  111       003120      3120/	202201	302207	442205	252206	252207	442206	442207	462210
      03120 202201
      03121 302207
      03122 442205
      03123 252206
      03124 252207
      03125 442206
      03126 442207
      03127 462210
  112       003130      3130/	603122	201410	252206	252207	442206	442207	201411	252206
      03130 603122
      03131 201410
      03132 252206
      03133 252207
      03134 442206
      03135 442207
      03136 201411
      03137 252206
  113       003140      3140/	252207	607777
      03140 252207
      03141 607777
  114                   
  115       002775      start 2775

      No detected errors
