
      / dpys5: pdp-1 display hacks                                        Page 1


    1                   / dpys5: pdp-1 display hacks
    2                   /  051209 - 060525 - 080415
    3                   
    4                   / start at 0 for munching squares
    5                   / (uses TW)
    6                   
    7 00000             0/	opr
      00000 760000
    8 00001 760000      	opr
    9 00002 760000      	opr
   10 00003 760000      	opr
   11 00004 600643      	jmp msq
   12                   
   13                   / start at 10 for snowflake
   14                   / (uses no switches)
   15                   
   16 00010             10/
   17                   
   18 00010 700307      beg,	law t1a
   19 00011 240254      	dac p1
   20 00012 700377      	law t2a
   21 00013 240255      	dac p2
   22                   	
   23 00014 170107      b1,	jda cxy
   24 00015 250254      	dac i p1
   25 00016 330255      	dio i p2
   26 00017 440254      	idx p1
   27 00020 440255      	idx p2
   28 00021 520273      	sas (t2e
   29 00022 600014      	jmp b1
   30 00023 710040      	law i 40
   31 00024 240256      	dac c1
   32                   	
   33 00025 210254      b2,	lac i p1
   34 00026 240257      	dac t1
   35 00027 210255      	lac i p2
   36 00030 240260      	dac t2
   37                   	
   38 00031 710001      b3,	law i 1
   39 00032 400254      	add p1
   40 00033 240254      	dac p1
   41 00034 710001      	law i 1
   42 00035 400255      	add p2
   43 00036 240255      	dac p2
   44 00037 500274      	sad (t2a
   45 00040 600045      	jmp b4
   46 00041 170126      	jda dxy
   47 00042 250254      	dac i p1
   48 00043 330255      	dio i p2
   49 00044 600031      	jmp b3
   50                   
   51 00045 210254      b4,	lac i p1
   52 00046 240257      	dac t1
   53 00047 210255      	lac i p2
   54 00050 240260      	dac t2
   55                   	
   56 00051 440254      b5,	idx p1

      / dpys5: pdp-1 display hacks                                        Page 2


   57 00052 440255      	idx p2
   58 00053 500275      	sad (t2e-1
   59 00054 600061      	jmp b6
   60 00055 170126      	jda dxy
   61 00056 250254      	dac i p1
   62 00057 330255      	dio i p2
   63 00060 600051      	jmp b5
   64                   
   65 00061 460256      b6,	isp c1
   66 00062 600075      	jmp b8
   67 00063 170107      	jda cxy
   68 00064 240307      	dac t1a
   69 00065 320377      	dio t2a
   70 00066 170107      	jda cxy
   71 00067 240376      	dac t1e-1
   72 00070 320466      	dio t2e-1
   73                   	
   74 00071 170107      b7,	jda cxy
   75 00072 240332      	dac t1m
   76 00073 320432      	dio t2m
   77 00074 600102      	jmp b9
   78                   
   79 00075 200252      b8,	lac x
   80 00076 240332      	dac t1m
   81 00077 200253      	lac y
   82 00100 240432      	dac t2m
   83 00101 600025      	jmp b2
   84                   
   85 00102 020276      b9,	and (74
   86 00103 761000      	cma
   87 00104 240256      	dac c1
   88 00105 600025      	jmp b2
   89                   
   90 00106 000000      cxx,	0
   91                   
   92 00107 000000      cxy,	0
   93 00110 260106      	dap cxx
   94 00111 200252      	lac x
   95 00112 540277      	mul (362643
   96 00113 672001      	rir 1s
   97 00114 320252      	dio x
   98 00115 200253      	lac y
   99 00116 540277      	mul (362643
  100 00117 672001      	rir 1s
  101 00120 320253      	dio y
  102 00121 400252      	add x
  103 00122 240252      	dac x
  104 00123 663017      	rcl 4s
  105 00124 610106      	jmp i cxx
  106                   
  107 00125 000000      dxx,	0
  108                   
  109 00126 000000      dxy,	0
  110 00127 260125      	dap dxx
  111 00130 641000      	szo
  112 00131 760200      	cla
  113 00132 210255      	lac i p2

      / dpys5: pdp-1 display hacks                                        Page 3


  114 00133 400260      	add t2
  115 00134 641000      	szo
  116 00135 600140      	jmp dx1
  117 00136 675001      	sar 1s
  118 00137 600143      	jmp dx2
  119                   
  120 00140 060300      dx1,	xor (377777
  121 00141 675001      	sar 1s
  122 00142 060301      	xor (577777
  123                   	
  124 00143 240260      dx2,	dac t2
  125 00144 210254      	lac i p1
  126 00145 400257      	add t1
  127 00146 641000      	szo
  128 00147 600152      	jmp dx3
  129 00150 675001      	sar 1s
  130 00151 600155      	jmp dx4
  131                   
  132 00152 060300      dx3,	xor (377777
  133 00153 675001      	sar 1s
  134 00154 060301      	xor (577777
  135                   	
  136 00155 240257      dx4,	dac t1
  137 00156 220260      	lio t2
  138                   
  139 00157 240263      dy1,	dac z1
  140 00160 320264      	dio z2
  141 00161 675001      	sar 1s
  142 00162 240261      	dac t3
  143 00163 200264      	lac z2
  144 00164 675001      	sar 1s
  145 00165 240262      	dac t4
  146 00166 200263      	lac z1
  147 00167 540302      	mul (335546
  148 00170 240265      	dac q1
  149 00171 200264      	lac z2
  150 00172 540302      	mul (335546
  151 00173 240266      	dac q2
  152 00174 200265      	lac q1
  153 00175 420262      	sub t4
  154 00176 240267      	dac r1
  155 00177 761000      	cma
  156 00200 240270      	dac r2
  157 00201 200265      	lac q1
  158 00202 400262      	add t4
  159 00203 240271      	dac r3
  160 00204 761000      	cma
  161 00205 240272      	dac r4
  162 00206 200266      	lac q2
  163 00207 420261      	sub t3
  164 00210 220271      	lio r3
  165                   	
  166 00211 730307      dy2,	dpy 300
  167 00212 761000      	cma
  168 00213 730307      	dpy 300
  169 00214 761000      	cma
  170 00215 220272      	lio r4

      / dpys5: pdp-1 display hacks                                        Page 4


  171 00216 730307      	dpy 300
  172 00217 761000      	cma
  173 00220 730307      	dpy 300
  174 00221 200261      	lac t3
  175 00222 400266      	add q2
  176 00223 220267      	lio r1
  177 00224 730307      	dpy 300
  178 00225 761000      	cma
  179 00226 730307      	dpy 300
  180 00227 220270      	lio r2
  181 00230 730307      	dpy 300
  182 00231 761000      	cma
  183 00232 730307      	dpy 300
  184 00233 200264      	lac z2
  185 00234 761000      	cma
  186 00235 663777      	rcl 9s
  187 00236 663777      	rcl 9s
  188 00237 200263      	lac z1
  189 00240 730307      	dpy 300
  190 00241 761000      	cma
  191 00242 730307      	dpy 300
  192 00243 220264      	lio z2
  193 00244 730307      	dpy 300
  194 00245 761000      	cma
  195 00246 730307      	dpy 300
  196 00247 200257      	lac t1
  197 00250 220260      	lio t2
  198 00251 610125      	jmp i dxx
  199                   
  200 00252 520063      x,	520063
  201                   
  202 00253 350735      y,	350735
  203                   
  204 00254 000000      p1,	0
  205                   
  206 00255 000000      p2,	0
  207                   
  208 00256 000000      c1,	0
  209                   
  210 00257 000000      t1,	0
  211                   
  212 00260 000000      t2,	0
  213                   
  214 00261 000000      t3,	0
  215                   
  216 00262 000000      t4,	0
  217                   
  218 00263 000000      z1,	0
  219                   
  220 00264 000000      z2,	0
  221                   
  222 00265 000000      q1,	0
  223                   
  224 00266 000000      q2,	0
  225                   
  226 00267 000000      r1,	0
  227                   

      / dpys5: pdp-1 display hacks                                        Page 5


  228 00270 000000      r2,	0
  229                   
  230 00271 000000      r3,	0
  231                   
  232 00272 000000      r4,	0
  233                   
  234 00273 000467      consta
      00274 000377
      00275 000466
      00276 000074
      00277 362643
      00300 377777
      00301 577777
      00302 335546
  235                   
  236                   t1a,
  237                   
  238 00332             .+23/	t1m,
  239                   
  240 00377             .+45/	t1e,
  241                   
  242                   t2a,
  243 00432             .+33/	t2m,
  244                   
  245 00467             .+35/	t2e,
  246                   
  247 00471             471/
  248 00471 000000      ltw,	0
  249 00472 762200      	lat
  250 00473 520477      	sas ltc
  251 00474 650100      	sza i
  252 00475 706543      	law 6543
  253 00476 610471      	jmp i ltw
  254 00477 777777      ltc,	777777
  255                   
  256                   / start at 500 for Minskytron
  257                   / (uses TW)
  258                   
  259 00500             500/	lat
      00500 762200
  260 00501 663777      	rcl 9s
  261 00502 663777      	rcl 9s
  262 00503 620600      m1,	jsp gsh
  263 00504 240635      	dac sh0
  264 00505 620600      	jsp gsh
  265 00506 240636      	dac sh1
  266 00507 620600      	jsp gsh
  267 00510 240637      	dac sh2
  268 00511 620600      	jsp gsh
  269 00512 240640      	dac sh3
  270 00513 620600      	jsp gsh
  271 00514 240641      	dac sh4
  272 00515 620600      	jsp gsh
  273 00516 240642      	dac sh5
  274 00517 200621      m2,	lac xa0
  275 00520 240627      	dac xa
  276 00521 200622      	lac xb0

      / dpys5: pdp-1 display hacks                                        Page 6


  277 00522 240630      	dac xb
  278 00523 200623      	lac xc0
  279 00524 240631      	dac xc
  280 00525 200624      	lac ya0
  281 00526 240632      	dac ya
  282 00527 200625      	lac yb0
  283 00530 240633      	dac yb
  284 00531 200626      	lac yc0
  285 00532 240634      	dac yc
  286                   
  287 00533 200627      m3a,	lac xa
  288 00534 400630      	add xb
  289 00535 100635      	xct sh0
  290 00536 400632      	add ya
  291 00537 240632      	dac ya
  292 00540 420633      	sub yb
  293 00541 100636      	xct sh1
  294 00542 761000      	cma
  295 00543 400627      	add xa
  296 00544 240627      	dac xa
  297 00545 220632      	lio ya
  298 00546 720007      	dpy-i
  299 00547 200630      m3b,	lac xb
  300 00550 420631      	sub xc
  301 00551 100637      	xct sh2
  302 00552 400633      	add yb
  303 00553 240633      	dac yb
  304 00554 420634      	sub yc
  305 00555 100640      	xct sh3
  306 00556 761000      	cma
  307 00557 400630      	add xb
  308 00560 240630      	dac xb
  309 00561 220633      	lio yb
  310 00562 720007      	dpy-i
  311 00563 200631      m3c,	lac xc
  312 00564 420627      	sub xa
  313 00565 100641      	xct sh4
  314 00566 400634      	add yc
  315 00567 240634      	dac yc
  316 00570 420632      	sub ya
  317 00571 100642      	xct sh5
  318 00572 761000      	cma
  319 00573 400631      	add xc
  320 00574 240631      	dac xc
  321 00575 220634      	lio yc
  322 00576 720007      	dpy-i
  323 00577 600533      	jmp m3a
  324                   
  325 00600 260606      gsh,	dap gsx
  326 00601 760200      	cla
  327 00602 663007      	rcl 3s
  328 00603 400607      	add gsc
  329 00604 260605      	dap .+1
  330 00605 200605      	lac .
  331 00606 600606      gsx,	jmp .
  332                   
  333 00607 000610      gsc,	gst

      / dpys5: pdp-1 display hacks                                        Page 7


  334 00610 675001      gst,	sar 1s
  335 00611 675003      	sar 2s
  336 00612 675007      	sar 3s
  337 00613 675017      	sar 4s
  338 00614 675037      	sar 5s
  339 00615 675077      	sar 6s
  340 00616 675177      	sar 7s
  341 00617 675377      	sar 8s
  342 00620 675777      	sar 9s	/ not used, but was in orig.
  343                   
  344 00621 757777      xa0,	dpy i 17770
  345 00622 000000      xb0,	0
  346 00623 020000      xc0,	and
  347 00624 000000      ya0,	0
  348 00625 040000      yb0,	ior
  349 00626 000000      yc0,	0
  350                   
  351 00627 000000      xa,	0
  352 00630 000000      xb,	0
  353 00631 000000      xc,	0
  354 00632 000000      ya,	0
  355 00633 000000      yb,	0
  356 00634 000000      yc,	0
  357                   
  358 00635 760400      sh0,	xx
  359 00636 760400      sh1,	xx
  360 00637 760400      sh2,	xx
  361 00640 760400      sh3,	xx
  362 00641 760400      sh4,	xx
  363 00642 760400      sh5,	xx
  364                   
  365 00643 762200      msq,	lat
  366 00644 520655      	sas msv
  367 00645 650100      	sza i
  368 00646 702345      	law 2345
  369 00647 400007      	add 7
  370 00650 240007      	dac 7
  371 00651 663777      	rcl 9s
  372 00652 060007      	xor 7
  373 00653 720307      	dpy-i+300
  374 00654 600643      	jmp msq
  375 00655 777777      msv,	777777
  376                   
  377       000000      start 0
  378                   

      No errors detected
